<?xml version="1.0" encoding="UTF-8"?>
<!-- Generated by org.testng.reporters.JUnitXMLReporter -->
<testsuite ignored="0" hostname="Parimal-PC" failures="0" tests="2" name="BankingApp Test" time="54.328" errors="0" timestamp="21 Sep 2021 19:12:34 GMT">
  <testcase classname="com.inetbanking.testCases.TC_LoginTest_001" name="loginTest" time="1.683"/>
  <testcase classname="com.inetbanking.testCases.TC_AddCustomerTest_003" name="addNewCustomer" time="16.083"/>
</testsuite> <!-- BankingApp Test -->
