<?xml version="1.0" encoding="UTF-8"?>
<!-- Generated by org.testng.reporters.JUnitXMLReporter -->
<testsuite ignored="0" hostname="Parimal-PC" failures="0" tests="2" name="BankingApp Test" time="30.825" errors="0" timestamp="22 Sep 2021 06:52:49 GMT">
  <testcase classname="com.inetbanking.testCases.TC_LoginTest_001" name="loginTest" time="1.843"/>
  <testcase classname="com.inetbanking.testCases.TC_AddCustomerTest_003" name="addNewCustomer" time="15.673"/>
</testsuite> <!-- BankingApp Test -->
