<?xml version="1.0" encoding="UTF-8"?>
<testng-results ignored="0" total="2" passed="2" failed="0" skipped="0">
  <reporter-output>
  </reporter-output>
  <suite started-at="2021-09-22T06:52:18Z" name="InetBankingV1" finished-at="2021-09-22T06:52:49Z" duration-ms="30825">
    <groups>
    </groups>
    <test started-at="2021-09-22T06:52:18Z" name="BankingApp Test" finished-at="2021-09-22T06:52:49Z" duration-ms="30825">
      <class name="com.inetbanking.testCases.TC_LoginTest_001">
        <test-method is-config="true" signature="setup(java.lang.String)[pri:0, instance:com.inetbanking.testCases.TC_LoginTest_001@103f852]" started-at="2021-09-22T06:52:18Z" name="setup" finished-at="2021-09-22T06:52:25Z" duration-ms="6602" status="PASS">
          <params>
            <param index="0">
              <value>
                <![CDATA[chrome]]>
              </value>
            </param>
          </params>
          <reporter-output>
          </reporter-output>
        </test-method> <!-- setup -->
        <test-method signature="loginTest()[pri:0, instance:com.inetbanking.testCases.TC_LoginTest_001@103f852]" started-at="2021-09-22T06:52:25Z" name="loginTest" finished-at="2021-09-22T06:52:27Z" duration-ms="1843" status="PASS">
          <reporter-output>
          </reporter-output>
        </test-method> <!-- loginTest -->
        <test-method is-config="true" signature="tearDown()[pri:0, instance:com.inetbanking.testCases.TC_LoginTest_001@103f852]" started-at="2021-09-22T06:52:27Z" name="tearDown" finished-at="2021-09-22T06:52:28Z" duration-ms="680" status="PASS">
          <reporter-output>
          </reporter-output>
        </test-method> <!-- tearDown -->
      </class> <!-- com.inetbanking.testCases.TC_LoginTest_001 -->
      <class name="com.inetbanking.testCases.TC_AddCustomerTest_003">
        <test-method is-config="true" signature="setup(java.lang.String)[pri:0, instance:com.inetbanking.testCases.TC_AddCustomerTest_003@587c290d]" started-at="2021-09-22T06:52:28Z" name="setup" finished-at="2021-09-22T06:52:33Z" duration-ms="4971" status="PASS">
          <params>
            <param index="0">
              <value>
                <![CDATA[chrome]]>
              </value>
            </param>
          </params>
          <reporter-output>
          </reporter-output>
        </test-method> <!-- setup -->
        <test-method signature="addNewCustomer()[pri:0, instance:com.inetbanking.testCases.TC_AddCustomerTest_003@587c290d]" started-at="2021-09-22T06:52:33Z" name="addNewCustomer" finished-at="2021-09-22T06:52:48Z" duration-ms="15673" status="PASS">
          <reporter-output>
          </reporter-output>
        </test-method> <!-- addNewCustomer -->
        <test-method is-config="true" signature="tearDown()[pri:0, instance:com.inetbanking.testCases.TC_AddCustomerTest_003@587c290d]" started-at="2021-09-22T06:52:48Z" name="tearDown" finished-at="2021-09-22T06:52:49Z" duration-ms="713" status="PASS">
          <reporter-output>
          </reporter-output>
        </test-method> <!-- tearDown -->
      </class> <!-- com.inetbanking.testCases.TC_AddCustomerTest_003 -->
    </test> <!-- BankingApp Test -->
  </suite> <!-- InetBankingV1 -->
</testng-results>
